<?xml version="1.0" encoding="utf-8"?><testsuites name="pytest tests"><testsuite name="pytest" errors="1" failures="1" skipped="1" tests="18" time="0.139" timestamp="2026-01-01T00:00:00" hostname="host"><testcase classname="tests.test_alpha" name="test_ordinary" time="0.002" /><testcase classname="tests.test_alpha" name="test_fails" time="0.001"><failure message="AssertionError: deliberate&#10;assert 1 == 2">def test_fails():
&gt;       assert 1 == 2, "deliberate"
E       AssertionError: deliberate
E       assert 1 == 2

tests\test_alpha.py:9: AssertionError</failure></testcase><testcase classname="tests.test_alpha" name="test_errors" time="0.000"><error message="failed on setup with &quot;file /proj\tests\test_alpha.py, line 12&#10;  def test_errors(undefined_fixture):&#10;E       fixture 'undefined_fixture' not found&#10;&gt;       available fixtures: anyio_backend, anyio_backend_name, anyio_backend_options, capfd, capfdbinary, caplog, capsys, capsysbinary, capteesys, class_mocker, cov, doctest_namespace, free_tcp_port, free_tcp_port_factory, free_udp_port, free_udp_port_factory, mocker, module_mocker, monkeypatch, no_cover, package_mocker, pytestconfig, record_property, record_testsuite_property, record_xml_attribute, recwarn, session_mocker, subtests, tmp_path, tmp_path_factory, tmpdir, tmpdir_factory&#10;&gt;       use 'pytest --fixtures [testpath]' for help on them.&#10;&#10;/proj\tests\test_alpha.py:12&quot;">file /proj\tests\test_alpha.py, line 12
  def test_errors(undefined_fixture):
E       fixture 'undefined_fixture' not found
&gt;       available fixtures: anyio_backend, anyio_backend_name, anyio_backend_options, capfd, capfdbinary, caplog, capsys, capsysbinary, capteesys, class_mocker, cov, doctest_namespace, free_tcp_port, free_tcp_port_factory, free_udp_port, free_udp_port_factory, mocker, module_mocker, monkeypatch, no_cover, package_mocker, pytestconfig, record_property, record_testsuite_property, record_xml_attribute, recwarn, session_mocker, subtests, tmp_path, tmp_path_factory, tmpdir, tmpdir_factory
&gt;       use 'pytest --fixtures [testpath]' for help on them.

/proj\tests\test_alpha.py:12</error></testcase><testcase classname="tests.test_alpha" name="test_skipped" time="0.000"><skipped type="pytest.skip" message="deliberate skip">/proj\tests\test_alpha.py:16: deliberate skip</skipped></testcase><testcase classname="tests.test_alpha" name="test_parametrised[plain]" time="0.001" /><testcase classname="tests.test_alpha" name="test_parametrised[with space]" time="0.000" /><testcase classname="tests.test_alpha" name="test_parametrised[sl/ash]" time="0.000" /><testcase classname="tests.test_alpha" name="test_parametrised[br[ack]et]" time="0.001" /><testcase classname="tests.test_alpha" name="test_parametrised[3]" time="0.001" /><testcase classname="tests.test_alpha" name="test_parametrised[None]" time="0.000" /><testcase classname="tests.test_alpha" name="test_same_name_in_two_files" time="0.000" /><testcase classname="tests.test_alpha.TestOne" name="test_method" time="0.000" /><testcase classname="tests.test_alpha.TestOne" name="test_shared_method_name" time="0.000" /><testcase classname="tests.test_alpha.TestTwo" name="test_shared_method_name" time="0.000" /><testcase classname="tests.test_alpha.TestOuter.TestInner" name="test_nested" time="0.000" /><testcase classname="tests.test_alpha" name="test_param_containing_separator[a::b]" time="0.000" /><testcase classname="tests.test_alpha" name="test_param_containing_separator[c[d]::e]" time="0.001" /><testcase classname="tests.test_beta" name="test_same_name_in_two_files" time="0.001" /></testsuite></testsuites>